"../../../Engine/Content/Functions/Engine_MaterialFunctions01/Opacity/CameraDepthFade.uasset" 0
"../../../Engine/Content/EngineMaterials/T_Default_Material_Grid_M.uasset" 1
"../../../Engine/Content/EngineMaterials/T_Default_Material_Grid_N.uasset" 2
"../../../Engine/Content/EngineMaterials/WorldGridMaterial.uasset" 3
"../../../Engine/Content/ArtTools/RenderToTexture/Meshes/S_1_Unit_Plane.uasset" 4
"../../../Engine/Content/EngineMaterials/DefaultMaterial.uasset" 5
"../../../Engine/Content/BasicShapes/Cone.uasset" 6
"../../../Engine/Content/EngineMaterials/DefaultPhysicalMaterial.uasset" 7
"../../../Engine/Content/BufferVisualization/AmbientOcclusion.uasset" 8
"../../../Engine/Content/BufferVisualization/BaseColor.uasset" 9
"../../../Engine/Content/BufferVisualization/CustomDepth.uasset" 10
"../../../Engine/Content/Functions/Engine_MaterialFunctions02/Utility/VectorLength.uasset" 11
"../../../Engine/Content/BufferVisualization/CustomDepthWorldUnits.uasset" 12
"../../../Engine/Content/Functions/Engine_MaterialFunctions02/Utility/BreakOutFloat2Components.uasset" 13
"../../../Engine/Content/Functions/Engine_MaterialFunctions01/Texturing/ScaleUVsByCenter.uasset" 14
"../../../Engine/Content/Functions/Engine_MaterialFunctions02/ScreenResolution.uasset" 15
"../../../Engine/Content/Functions/Engine_MaterialFunctions02/Texturing/ScreenAlignedUVs.uasset" 16
"../../../Engine/Content/Functions/Engine_MaterialFunctions02/Utility/MakeFloat2.uasset" 17
"../../../Engine/Content/Functions/Engine_MaterialFunctions02/Utility/MakeFloat3.uasset" 18
"../../../Engine/Content/EngineMaterials/MiniFont.uasset" 19
"../../../Engine/Content/BufferVisualization/CustomStencil.uasset" 20
"../../../Engine/Content/BufferVisualization/FinalImage.uasset" 21
"../../../Engine/Content/BufferVisualization/LightingModel.uasset" 22
"../../../Engine/Content/BufferVisualization/MaterialAO.uasset" 23
"../../../Engine/Content/BufferVisualization/Metallic.uasset" 24
"../../../Engine/Content/BufferVisualization/Opacity.uasset" 25
"../../../Engine/Content/BufferVisualization/PostTonemapHDRColor.uasset" 26
"../../../Engine/Content/BufferVisualization/PreTonemapHDRColor.uasset" 27
"../../../Engine/Content/BufferVisualization/Roughness.uasset" 28
"../../../Engine/Content/BufferVisualization/SceneColor.uasset" 29
"../../../Engine/Content/BufferVisualization/SceneDepth.uasset" 30
"../../../Engine/Content/BufferVisualization/SceneDepthWorldUnits.uasset" 31
"../../../Engine/Content/BufferVisualization/SeparateTranslucencyA.uasset" 32
"../../../Engine/Content/BufferVisualization/SeparateTranslucencyRGB.uasset" 33
"../../../Engine/Content/BufferVisualization/Specular.uasset" 34
"../../../Engine/Content/BufferVisualization/SubsurfaceColor.uasset" 35
"../../../Engine/Content/BufferVisualization/Velocity.uasset" 36
"../../../Engine/Content/BufferVisualization/WorldNormal.uasset" 37
"../../../Engine/Content/EditorBlueprintResources/ActorMacros.uasset" 38
"../../../Engine/Content/EditorLandscapeResources/DataLayer.uasset" 39
"../../../Engine/Content/EditorLandscapeResources/DefaultAlphaTexture.uasset" 40
"../../../Engine/Content/EditorLandscapeResources/LandscapeGizmoHeight_Mat.uasset" 41
"../../../Engine/Content/EditorLandscapeResources/LandscapeGizmo_Mat.uasset" 42
"../../../Engine/Content/EditorLandscapeResources/LandscapeGizmo_Mat_Copied.uasset" 43
"../../../Engine/Content/EditorLandscapeResources/SplineEditorMeshMat.uasset" 44
"../../../Engine/Content/EditorLandscapeResources/SplineEditorMesh.uasset" 45
"../../../Engine/Content/EditorMaterials/Cross.uasset" 46
"../../../Engine/Content/EditorMaterials/Cross_Mat.uasset" 47
"../../../Engine/Content/EditorMaterials/GizmoMaterial.uasset" 48
"../../../Engine/Content/Functions/Engine_MaterialFunctions02/ExampleContent/Textures/flipbook.uasset" 49
"../../../Engine/Content/Functions/Engine_MaterialFunctions02/Texturing/FlipBook.uasset" 50
"../../../Engine/Content/Functions/Engine_MaterialFunctions02/Utility/Sign.uasset" 51
"../../../Engine/Content/Functions/Engine_MaterialFunctions02/Utility/Round.uasset" 52
"../../../Engine/Content/EditorResources/T_EditorHelp.uasset" 53
"../../../Engine/Content/EditorMaterials/HelpActorMaterial.uasset" 54
"../../../Engine/Content/EditorMaterials/CompositeARGBLayer.uasset" 55
"../../../Engine/Content/EditorMaterials/TilingAALineIntegral.uasset" 56
"../../../Engine/Content/EditorMaterials/TilingAALineBoxFiltered.uasset" 57
"../../../Engine/Content/Functions/Engine_MaterialFunctions03/Procedurals/ComputeFilterWidth.uasset" 58
"../../../Engine/Content/EditorMaterials/TilingAADots.uasset" 59
"../../../Engine/Content/EngineMaterials/BlendFunc_DefBase.uasset" 60
"../../../Engine/Content/EngineMaterials/BlendFunc_DefBlend.uasset" 61
"../../../Engine/Content/Functions/Engine_MaterialFunctions03/Blends/Blend_Screen.uasset" 62
"../../../Engine/Content/EditorMaterials/TilingAAGrid.uasset" 63
"../../../Engine/Content/EditorMaterials/LevelGridMaterial.uasset" 64
"../../../Engine/Content/EditorMaterials/MakeCompositeARGBLayer.uasset" 65
"../../../Engine/Content/EditorResources/LevelGrid1DStripes.uasset" 66
"../../../Engine/Content/EditorMaterials/TextureGridCascaded1D.uasset" 67
"../../../Engine/Content/EditorMaterials/TextureGridCascaded2D.uasset" 68
"../../../Engine/Content/EditorMaterials/LevelGridMaterial2.uasset" 69
"../../../Engine/Content/EditorMaterials/MAT_Groups_Toggle.uasset" 70
"../../../Engine/Content/EditorMaterials/MAT_Groups_Visibility.uasset" 71
"../../../Engine/Content/EditorMaterials/AntialiasedGridFloor.uasset" 72
"../../../Engine/Content/EditorResources/TilePatine_D.uasset" 73
"../../../Engine/Content/EditorResources/TilePatine_N.uasset" 74
"../../../Engine/Content/EngineMaterials/Grid.uasset" 75
"../../../Engine/Content/EditorMaterials/PersonaFloorMat.uasset" 76
"../../../Engine/Content/EditorMaterials/PhAT_BoneSelectedMaterial.uasset" 77
"../../../Engine/Content/EditorMaterials/PhAT_ElemSelectedMaterial.uasset" 78
"../../../Engine/Content/EditorMaterials/PhAT_NoCollisionMaterial.uasset" 79
"../../../Engine/Content/EditorMaterials/PhAT_UnselectedMaterial.uasset" 80
"../../../Engine/Content/EditorMaterials/PreviewShadowIndicator.uasset" 81
"../../../Engine/Content/EditorMaterials/PreviewShadowIndicatorMaterial.uasset" 82
"../../../Engine/Content/EditorMaterials/TargetIcon.uasset" 83
"../../../Engine/Content/EditorMaterials/Tick.uasset" 84
"../../../Engine/Content/EditorMaterials/Tick_Mat.uasset" 85
"../../../Engine/Content/EditorMaterials/WidgetGridVertexColorMaterial.uasset" 86
"../../../Engine/Content/EditorMaterials/WidgetGridVertexColorMaterial_Ma.uasset" 87
"../../../Engine/Content/EditorMaterials/WidgetMaterial.uasset" 88
"../../../Engine/Content/EditorMaterials/WidgetMaterial_Current.uasset" 89
"../../../Engine/Content/EditorMaterials/WidgetMaterial_X.uasset" 90
"../../../Engine/Content/EditorMaterials/WidgetMaterial_Y.uasset" 91
"../../../Engine/Content/EditorMaterials/WidgetMaterial_Z.uasset" 92
"../../../Engine/Content/EditorMaterials/WidgetVertexColorMaterial.uasset" 93
"../../../Engine/Content/EditorMaterials/MatineeGroups/MAT_ColorTrack.uasset" 94
"../../../Engine/Content/EditorMaterials/MatineeGroups/MAT_Groups_Anim.uasset" 95
"../../../Engine/Content/EditorMaterials/MatineeGroups/MAT_Groups_AudioMaster.uasset" 96
"../../../Engine/Content/EditorMaterials/MatineeGroups/MAT_Groups_Director.uasset" 97
"../../../Engine/Content/EditorMaterials/MatineeGroups/MAT_Groups_Event.uasset" 98
"../../../Engine/Content/EditorMaterials/MatineeGroups/MAT_Groups_Fade.uasset" 99
"../../../Engine/Content/EditorMaterials/MatineeGroups/MAT_Groups_Float.uasset" 100
"../../../Engine/Content/EditorMaterials/MatineeGroups/MAT_Groups_Move.uasset" 101
"../../../Engine/Content/EditorMaterials/MatineeGroups/MAT_Groups_Slomo.uasset" 102
"../../../Engine/Content/EditorMaterials/MatineeGroups/MAT_Groups_Sound.uasset" 103
"../../../Engine/Content/EditorMaterials/MatineeGroups/MAT_Groups_Vector.uasset" 104
"../../../Engine/Content/EditorMaterials/ParticleSystems/PSysThumbnail_NoImage.uasset" 105
"../../../Engine/Content/EditorMaterials/ParticleSystems/PSysThumbnail_OOD.uasset" 106
"../../../Engine/Content/EditorMaterials/Thumbnails/FloorPlaneMaterial.uasset" 107
"../../../Engine/Content/EditorMeshes/EditorCube.uasset" 108
"../../../Engine/Content/EditorMeshes/EditorCylinder.uasset" 109
"../../../Engine/Content/EditorMeshes/EditorPlane.uasset" 110
"../../../Engine/Content/EditorMaterials/Thumbnails/SkySphereMaterial.uasset" 111
"../../../Engine/Content/EditorMeshes/EditorSkySphere.uasset" 112
"../../../Engine/Content/EditorMeshes/EditorSphere.uasset" 113
"../../../Engine/Content/EditorResources/MatineeCam_D.uasset" 114
"../../../Engine/Content/EditorMaterials/MatineeCam_mat.uasset" 115
"../../../Engine/Content/EditorMeshes/MatineeCam_SM.uasset" 116
"../../../Engine/Content/Functions/Engine_MaterialFunctions01/Shading/ConvertFromDiffSpec.uasset" 117
"../../../Engine/Content/EditorMaterials/GridMaterial.uasset" 118
"../../../Engine/Content/EditorMeshes/PhAT_FloorBox.uasset" 119
"../../../Engine/Content/EditorMeshes/PlanarReflectionPlane.uasset" 120
"../../../Engine/Content/EditorMaterials/Camera/CineMat.uasset" 121
"../../../Engine/Content/EditorMaterials/Camera/MI_CineMat_CameraBody.uasset" 122
"../../../Engine/Content/EngineDebugMaterials/M_SimpleOpaque.uasset" 123
"../../../Engine/Content/EditorMaterials/Camera/MI_CineMat_CamViewFinder.uasset" 124
"../../../Engine/Content/EditorMeshes/Camera/SM_CineCam.uasset" 125
"../../../Engine/Content/EditorMaterials/Camera/MI_CineMat_Rig.uasset" 126
"../../../Engine/Content/EditorMeshes/Camera/SM_CraneRig_Arm.uasset" 127
"../../../Engine/Content/EditorMeshes/Camera/SM_CraneRig_Base.uasset" 128
"../../../Engine/Content/EditorMeshes/Camera/SM_CraneRig_Body.uasset" 129
"../../../Engine/Content/EditorMeshes/Camera/SM_CraneRig_Mount.uasset" 130
"../../../Engine/Content/EditorMeshes/Camera/SM_RailRig_Mount.uasset" 131
"../../../Engine/Content/EditorMeshes/Camera/SM_RailRig_Track.uasset" 132
"../../../Engine/Content/EditorMeshes/ColorCalibrator/M_ChromeBall.uasset" 133
"../../../Engine/Content/EditorResources/Bad.uasset" 134
"../../../Engine/Content/EditorResources/BSPVertex.uasset" 135
"../../../Engine/Content/EditorResources/EmptyActor.uasset" 136
"../../../Engine/Content/EditorResources/MatInstActSprite.uasset" 137
"../../../Engine/Content/EditorResources/SceneManager.uasset" 138
"../../../Engine/Content/EditorResources/SmallFont.uasset" 139
"../../../Engine/Content/EditorResources/S_Actor.uasset" 140
"../../../Engine/Content/EditorResources/S_DecalActorIcon.uasset" 141
"../../../Engine/Content/EditorResources/S_Emitter.uasset" 142
"../../../Engine/Content/EditorResources/S_ExpoHeightFog.uasset" 143
"../../../Engine/Content/EditorResources/S_FTest.uasset" 144
"../../../Engine/Content/EditorResources/S_KBSJoint.uasset" 145
"../../../Engine/Content/EditorResources/S_KHinge.uasset" 146
"../../../Engine/Content/EditorResources/S_KPrismatic.uasset" 147
"../../../Engine/Content/EditorResources/S_LevelSequence.uasset" 148
"../../../Engine/Content/EditorResources/S_NavP.uasset" 149
"../../../Engine/Content/EditorResources/S_Note.uasset" 150
"../../../Engine/Content/EditorResources/S_Player.uasset" 151
"../../../Engine/Content/EditorResources/S_PortalActorIcon2.uasset" 152
"../../../Engine/Content/EditorResources/S_RadForce.uasset" 153
"../../../Engine/Content/EditorResources/S_ReflActorIcon.uasset" 154
"../../../Engine/Content/EditorResources/S_Solver.uasset" 155
"../../../Engine/Content/EditorResources/S_Terrain.uasset" 156
"../../../Engine/Content/EditorResources/S_TextRenderActorIcon.uasset" 157
"../../../Engine/Content/EditorResources/S_Thruster.uasset" 158
"../../../Engine/Content/EditorResources/S_Trigger.uasset" 159
"../../../Engine/Content/EditorResources/S_VectorFieldVol.uasset" 160
"../../../Engine/Content/EditorResources/S_WindDirectional.uasset" 161
"../../../Engine/Content/EditorResources/AI/S_NavLink.uasset" 162
"../../../Engine/Content/EditorResources/AudioIcons/S_AudioComponent.uasset" 163
"../../../Engine/Content/EditorResources/LightIcons/SkyLight.uasset" 164
"../../../Engine/Content/EditorResources/LightIcons/S_LightDirectional.uasset" 165
"../../../Engine/Content/EditorResources/LightIcons/S_LightDirectionalMove.uasset" 166
"../../../Engine/Content/EditorResources/LightIcons/S_LightError.uasset" 167
"../../../Engine/Content/EditorResources/LightIcons/S_LightPoint.uasset" 168
"../../../Engine/Content/EditorResources/LightIcons/S_LightPointMove.uasset" 169
"../../../Engine/Content/EditorResources/LightIcons/S_LightSpot.uasset" 170
"../../../Engine/Content/EditorResources/LightIcons/S_LightSpotMove.uasset" 171
"../../../Engine/Content/EditorResources/SequenceRecorder/Countdown.uasset" 172
"../../../Engine/Content/EditorResources/SequenceRecorder/RecordingIndicator.uasset" 173
"../../../Engine/Content/EditorResources/Spline/T_Loft_Spline.uasset" 174
"../../../Engine/Content/EditorSounds/Notifications/CompileFailed.uasset" 175
"../../../Engine/Content/EditorSounds/Notifications/CompileFailed_Cue.uasset" 176
"../../../Engine/Content/EditorSounds/Notifications/CompileSuccess.uasset" 177
"../../../Engine/Content/EditorSounds/Notifications/CompileStart_Cue.uasset" 178
"../../../Engine/Content/EditorSounds/Notifications/CompileSuccess_Cue.uasset" 179
"../../../Engine/Content/EngineDamageTypes/DmgTypeBP_Environmental.uasset" 180
"../../../Engine/Content/EngineDebugMaterials/HeatmapGradient.uasset" 181
"../../../Engine/Content/EngineDebugMaterials/BoneWeightMaterial.uasset" 182
"../../../Engine/Content/EngineDebugMaterials/ClothMaterial.uasset" 183
"../../../Engine/Content/EngineDebugMaterials/ClothMaterial_WF.uasset" 184
"../../../Engine/Content/EngineDebugMaterials/DebugEditorMaterial.uasset" 185
"../../../Engine/Content/EngineDebugMaterials/DebugMeshMaterial.uasset" 186
"../../../Engine/Content/EngineDebugMaterials/GeomMaterial.uasset" 187
"../../../Engine/Content/EngineDebugMaterials/LevelColorationLitMaterial.uasset" 188
"../../../Engine/Content/EngineDebugMaterials/LevelColorationUnlitMaterial.uasset" 189
"../../../Engine/Content/EngineMaterials/DefaultWhiteGrid.uasset" 190
"../../../Engine/Content/EngineDebugMaterials/MAT_LevelColorationLitLightmapUV.uasset" 191
"../../../Engine/Content/EngineDebugMaterials/M_SimpleTranslucent.uasset" 192
"../../../Engine/Content/Functions/Engine_MaterialFunctions02/Utility/CameraDirectionVector.uasset" 193
"../../../Engine/Content/EngineDebugMaterials/VolumeToRender.uasset" 194
"../../../Engine/Content/EngineDebugMaterials/M_VolumeRenderSphereTracePP.uasset" 195
"../../../Engine/Content/EngineDebugMaterials/ShadedLevelColorationLitMaterial.uasset" 196
"../../../Engine/Content/EngineDebugMaterials/ShadedLevelColorationUnlitMateri.uasset" 197
"../../../Engine/Content/EngineDebugMaterials/VertexColorMaterial.uasset" 198
"../../../Engine/Content/EngineDebugMaterials/VertexColorViewMode_AlphaAsColor.uasset" 199
"../../../Engine/Content/EngineDebugMaterials/VertexColorViewMode_BlueOnly.uasset" 200
"../../../Engine/Content/EngineDebugMaterials/VertexColorViewMode_ColorOnly.uasset" 201
"../../../Engine/Content/EngineDebugMaterials/VertexColorViewMode_GreenOnly.uasset" 202
"../../../Engine/Content/EngineDebugMaterials/VertexColorViewMode_RedOnly.uasset" 203
"../../../Engine/Content/EngineDebugMaterials/WireframeMaterial.uasset" 204
"../../../Engine/Content/EngineFonts/Faces/RobotoBold.uasset" 205
"../../../Engine/Content/EngineFonts/Faces/RobotoBoldItalic.uasset" 206
"../../../Engine/Content/EngineFonts/Faces/RobotoItalic.uasset" 207
"../../../Engine/Content/EngineFonts/Faces/RobotoLight.uasset" 208
"../../../Engine/Content/EngineFonts/Faces/RobotoRegular.uasset" 209
"../../../Engine/Content/EngineFonts/Roboto.uasset" 210
"../../../Engine/Content/EngineFonts/Faces/RobotoTiny.uasset" 211
"../../../Engine/Content/EngineFonts/RobotoTiny.uasset" 212
"../../../Engine/Content/EngineFonts/SmallFont.uasset" 213
"../../../Engine/Content/EngineFonts/TinyFont.uasset" 214
"../../../Engine/Content/EngineMaterials/BaseFlattenDiffuseMap.uasset" 215
"../../../Engine/Content/EngineMaterials/BaseFlattenEmissiveMap.uasset" 216
"../../../Engine/Content/EngineMaterials/BaseFlattenGrayscaleMap.uasset" 217
"../../../Engine/Content/EngineMaterials/BaseFlattenNormalMap.uasset" 218
"../../../Engine/Content/EngineMaterials/BaseFlattenMaterial.uasset" 219
"../../../Engine/Content/EngineResources/WhiteSquareTexture.uasset" 220
"../../../Engine/Content/EngineMaterials/BlinkingCaret.uasset" 221
"../../../Engine/Content/EngineMaterials/BlueNoise.uasset" 222
"../../../Engine/Content/EngineMaterials/DefaultBloomKernel.uasset" 223
"../../../Engine/Content/EngineMaterials/DefaultBokeh.uasset" 224
"../../../Engine/Content/EngineMaterials/DefaultDiffuse.uasset" 225
"../../../Engine/Content/EngineMaterials/DefaultDeferredDecalMaterial.uasset" 226
"../../../Engine/Content/EngineMaterials/DefaultLightFunctionMaterial.uasset" 227
"../../../Engine/Content/EngineMaterials/DefaultNormal.uasset" 228
"../../../Engine/Content/EngineMaterials/DefaultPostProcessMaterial.uasset" 229
"../../../Engine/Content/EngineFonts/RobotoDistanceField.uasset" 230
"../../../Engine/Content/EngineMaterials/DefaultTextMaterialOpaque.uasset" 231
"../../../Engine/Content/EngineMaterials/DefaultVirtualTextureMaterial.uasset" 232
"../../../Engine/Content/EngineMaterials/EditorBrushMaterial.uasset" 233
"../../../Engine/Content/EngineMaterials/DefaultWhiteGrid_Low.uasset" 234
"../../../Engine/Content/EngineMaterials/EmissiveMeshMaterial.uasset" 235
"../../../Engine/Content/EngineMaterials/Grid_N.uasset" 236
"../../../Engine/Content/EngineMaterials/HighResolutionScreenshotMaskFunction.uasset" 237
"../../../Engine/Content/EngineMaterials/HighResScreenshot.uasset" 238
"../../../Engine/Content/EngineMaterials/HighResScreenshotCaptureRegion.uasset" 239
"../../../Engine/Content/EngineMaterials/HighResScreenshotMask.uasset" 240
"../../../Engine/Content/EngineMaterials/LandscapeHolePhysicalMaterial.uasset" 241
"../../../Engine/Content/EngineMaterials/InvalidLightmapSettings.uasset" 242
"../../../Engine/Content/EngineMaterials/M_InvalidLightmapSettings.uasset" 243
"../../../Engine/Content/EngineMaterials/PaperDiffuse.uasset" 244
"../../../Engine/Content/EngineMaterials/PaperNormal.uasset" 245
"../../../Engine/Content/Functions/Engine_MaterialFunctions02/WorldPositionOffset/CameraOffset.uasset" 246
"../../../Engine/Content/EngineMaterials/PhAT_JointLimitMaterial.uasset" 247
"../../../Engine/Content/EngineMaterials/PhysMat_Rubber.uasset" 248
"../../../Engine/Content/EngineMaterials/PreintegratedSkinBRDF.uasset" 249
"../../../Engine/Content/EngineMaterials/RemoveSurfaceMaterial.uasset" 250
"../../../Engine/Content/EngineMaterials/WeightMapPlaceholderTexture.uasset" 251
"../../../Engine/Content/EngineMaterials/Widget3DPassThrough.uasset" 252
"../../../Engine/Content/EngineMaterials/Widget3DPassThrough_Masked.uasset" 253
"../../../Engine/Content/EngineMaterials/Widget3DPassThrough_Opaque.uasset" 254
"../../../Engine/Content/EngineMaterials/Widget3DPassThrough_Opaque_OneSided.uasset" 255
"../../../Engine/Content/EngineMaterials/Widget3DPassThrough_Translucent.uasset" 256
"../../../Engine/Content/EngineMaterials/Widget3DPassThrough_Translucent_OneSided.uasset" 257
"../../../Engine/Content/EngineMeshes/Cylinder.uasset" 258
"../../../Engine/Content/EngineMeshes/Sphere.uasset" 259
"../../../Engine/Content/EngineResources/Black.uasset" 260
"../../../Engine/Content/EngineResources/DefaultTexture.uasset" 261
"../../../Engine/Content/EngineResources/DefaultTextureCube.uasset" 262
"../../../Engine/Content/EngineResources/DefaultVolumeTexture2D.uasset" 263
"../../../Engine/Content/EngineResources/DefaultVolumeTexture.uasset" 264
"../../../Engine/Content/EngineResources/GradientTexture0.uasset" 265
"../../../Engine/Content/EngineResources/StreamingPauseIcon.uasset" 266
"../../../Engine/Content/EngineResources/M_StreamingPause.uasset" 267
"../../../Engine/Content/EngineSounds/Master.uasset" 268
"../../../Engine/Content/Functions/Engine_MaterialFunctions01/Shading/PowerToRoughness.uasset" 269
"../../../Engine/Content/Maps/Templates/Thumbnails/Default.uasset" 270
"../../../Engine/Content/Maps/Templates/Thumbnails/VR-Basic.uasset" 271
"../../../Engine/Content/MapTemplates/Sky/DaylightAmbientCubemap.uasset" 272
"../../../Engine/Content/MobileResources/T_MobileControls_texture.uasset" 273
"../../../Engine/Content/MobileResources/T_MobileMenu2.uasset" 274
"../../../Engine/Content/MobileResources/HUD/AnalogHat.uasset" 275
"../../../Engine/Content/MobileResources/HUD/VirtualJoystick_Background.uasset" 276
"../../../Engine/Content/MobileResources/HUD/VirtualJoystick_Thumb.uasset" 277
"../../../Engine/Content/MobileResources/HUD/DefaultVirtualJoysticks.uasset" 278
"../../../Engine/Content/MobileResources/HUD/LeftVirtualJoystickOnly.uasset" 279
"../../../Engine/Content/MobileResources/HUD/MobileHUDButton1_off.uasset" 280
"../../../Engine/Content/MobileResources/HUD/MobileHUDButton1_on.uasset" 281
"../../../Engine/Content/MobileResources/HUD/MobileHUDButton2_off.uasset" 282
"../../../Engine/Content/MobileResources/HUD/MobileHUDButton2_on.uasset" 283
"../../../Engine/Content/MobileResources/HUD/MobileHUDButton3.uasset" 284
"../../../Engine/Content/MobileResources/HUD/MobileHUDButtonFire.uasset" 285
"../../../Engine/Content/MobileResources/HUD/MobileHUDDirectionPad.uasset" 286
"../../../Engine/Content/MobileResources/HUD/MobileHUDDirectionPad2.uasset" 287
"../../../Engine/Content/MobileResources/HUD/MobileHUDDirectionPad3.uasset" 288
"../../../Engine/Content/MobileResources/HUD/MobileHUDDirectionStick.uasset" 289
"../../../Engine/Content/MobileResources/HUD/T_Castle_ThumbstickInner.uasset" 290
"../../../Engine/Content/MobileResources/HUD/T_Castle_ThumbstickOutter.uasset" 291
"../../../Engine/Content/Tutorial/ContentIntroCurve.uasset" 292
"../../../Engine/Content/Tutorial/Basics/LevelEditorAttract.uasset" 293
"../../../Engine/Content/Tutorial/Basics/TutorialAssets/icon_tab_Levels_40x.uasset" 294
"../../../Engine/Content/Tutorial/Basics/LevelEditorOverview.uasset" 295
"../../../Engine/Content/Tutorial/BlueprintTutorials/TutorialAssets/Blueprint_64x.uasset" 296
"../../../Engine/Content/Tutorial/BlueprintTutorials/BlueprintEditorTutorial.uasset" 297
"../../../Engine/Content/Tutorial/BlueprintTutorials/TutorialAssets/Tutorial_BP_MacroLib.uasset" 298
"../../../Engine/Content/VREditor/LaserPointer/VR_LaserPower_01.uasset" 299
"../../../Engine/Content/VREditor/TransformGizmo/TransformGizmoMaterial.uasset" 300
"../../../Engine/Content/VREditor/TransformGizmo/TranslucentTransformGizmoMaterial.uasset" 301
"../../../Engine/Content/VREditor/TransformGizmo/BoundingBoxCorner.uasset" 302
"../../../Engine/Content/VREditor/TransformGizmo/BoundingBoxEdge.uasset" 303
"../../../Engine/Content/VREditor/TransformGizmo/PlaneTranslationHandle.uasset" 304
"../../../Engine/Content/VREditor/TransformGizmo/Main.uasset" 305
"../../../Engine/Content/VREditor/TransformGizmo/Xray.uasset" 306
"../../../Engine/Content/VREditor/TransformGizmo/SM_Sequencer_Key.uasset" 307
"../../../Engine/Content/VREditor/TransformGizmo/SM_Sequencer_Node.uasset" 308
"../../../Engine/Content/Animation/DefaultAnimCurveCompressionSettings.uasset" 309
"../../../Engine/Content/ArtTools/RenderToTexture/Enums/RenderToTexture_Enum.uasset" 310
"../../../Engine/Content/ArtTools/RenderToTexture/Enums/RenderToTexture_Flipbook_Enum.uasset" 311
"../../../Engine/Content/ArtTools/RenderToTexture/Enums/RenderToTexture_Imposter_Enum.uasset" 312
"../../../Engine/Content/EditorBlueprintResources/StandardMacros.uasset" 313
"../../../Engine/Content/ArtTools/RenderToTexture/Enums/EIntTypes.uasset" 314
"../../../Engine/Content/ArtTools/RenderToTexture/Macros/RenderToTextureFunctionLibrary.uasset" 315
"../../../Engine/Content/ArtTools/RenderToTexture/Enums/EFloatTypes.uasset" 316
"../../../Engine/Content/ArtTools/RenderToTexture/Macros/RenderToTextureMacros.uasset" 317
"../../Plugins/2D/Paper2D/Content/PlaceholderTextures/DummySpriteTexture.uasset" 318
"../../Plugins/2D/Paper2D/Content/DummySprite.uasset" 319
"../../Plugins/2D/Paper2D/Content/DefaultPaperTerrainMaterial.uasset" 320
"../../Plugins/2D/Paper2D/Content/DefaultSpriteMaterial.uasset" 321
"../../Plugins/2D/Paper2D/Content/MaskedUnlitSpriteMaterial.uasset" 322
"../../Plugins/2D/Paper2D/Content/OpaqueUnlitSpriteMaterial.uasset" 323
"../../Plugins/Enterprise/DatasmithContent/Content/Blueprints/FBXImporter/ArrayOfActor.uasset" 324
"../../Plugins/Enterprise/DatasmithContent/Content/Blueprints/FBXImporter/ArrayOfSwitch.uasset" 325
"../../Plugins/Enterprise/DatasmithContent/Content/Blueprints/FBXImporter/BP_SceneNode.uasset" 326
"../../Plugins/Enterprise/DatasmithContent/Content/Blueprints/FBXImporter/BP_Switch.uasset" 327
"../../Plugins/Enterprise/DatasmithContent/Content/Blueprints/FBXImporter/BP_SceneRoot.uasset" 328
"../../Plugins/Enterprise/DatasmithContent/Content/Blueprints/FBXImporter/FBXImporterUtils.uasset" 329
"../../Plugins/Enterprise/DatasmithContent/Content/Blueprints/FBXImporter/Animation/DeltaGenAnimationTrackType.uasset" 330
"../../Plugins/Enterprise/DatasmithContent/Content/Blueprints/FBXImporter/Animation/VREDAnimationTrackComponent.uasset" 331
"../../Plugins/Enterprise/DatasmithContent/Content/Blueprints/FBXImporter/Animation/VREDAnimationTrackType.uasset" 332
"../../Plugins/Enterprise/DatasmithContent/Content/Blueprints/FBXImporter/Animation/VREDAnimCurveComponent.uasset" 333
"../../Plugins/Enterprise/DatasmithContent/Content/Blueprints/FBXImporter/Animation/VREDAnimCurveType.uasset" 334
"../../Plugins/Enterprise/DatasmithContent/Content/Blueprints/FBXImporter/Variants/VariantSwitchType.uasset" 335
"../../Plugins/Enterprise/DatasmithContent/Content/Blueprints/FBXImporter/Variants/VREDVariantSwitchType.uasset" 336
"../../Plugins/Enterprise/DatasmithContent/Content/Blueprints/FBXImporter/Variants/VREDVariantType.uasset" 337
"../../Plugins/Runtime/Oculus/OculusVR/Content/OculusMR_RenderTarget.uasset" 338
"../../../Engine/Content/Functions/Engine_MaterialFunctions02/Utility/BreakOutFloat4Components.uasset" 339
"../../Plugins/Runtime/Oculus/OculusVR/Content/Materials/OculusMR_ChromaKey.uasset" 340
"../../Plugins/Runtime/Oculus/OculusVR/Content/Materials/OculusMR_ChromaKey_Lit.uasset" 341
"../../Plugins/Runtime/Oculus/OculusVR/Content/Materials/OculusMR_OpaqueColoredMaterial.uasset" 342
"../../Plugins/Runtime/Oculus/OculusVR/Content/Materials/OculusMR_WhiteMaterial.uasset" 343
"../../../Engine/Content/Maps/Entry_BuiltData.uasset" 344
"../../../Engine/Content/Maps/Entry.umap" 345
"../../../../../../Projects/CSE-Thesis-Non-Euclidean-VR/NEVR_Quest/Content/MobileStarterContent/Textures/T_Wood_Walnut_D.uasset" 346
"../../../../../../Projects/CSE-Thesis-Non-Euclidean-VR/NEVR_Quest/Content/NEVR/Meshes/Brush/BrushHandle.uasset" 347
"../../../../../../Projects/CSE-Thesis-Non-Euclidean-VR/NEVR_Quest/Content/NEVR/Meshes/Brush/BrushHead.uasset" 348
"../../../../../../Projects/CSE-Thesis-Non-Euclidean-VR/NEVR_Quest/Content/StarterContent/Textures/T_MacroVariation.uasset" 349
"../../../../../../Projects/CSE-Thesis-Non-Euclidean-VR/NEVR_Quest/Content/StarterContent/Materials/M_Metal_Chrome.uasset" 350
"../../../../../../Projects/CSE-Thesis-Non-Euclidean-VR/NEVR_Quest/Content/NEVR/Meshes/Brush/lambert15.uasset" 351
"../../../../../../Projects/CSE-Thesis-Non-Euclidean-VR/NEVR_Quest/Content/NEVR/Meshes/Brush/phong1.uasset" 352
"../../../../../../Projects/CSE-Thesis-Non-Euclidean-VR/NEVR_Quest/Content/NEVR/Meshes/Brush/phongE2.uasset" 353
"../../../../../../Projects/CSE-Thesis-Non-Euclidean-VR/NEVR_Quest/Content/NEVR/Meshes/Brush/brush.uasset" 354
"../../../../../../Projects/CSE-Thesis-Non-Euclidean-VR/NEVR_Quest/Content/NEVR/Sound/spray-paint2.uasset" 355
"../../../../../../Projects/CSE-Thesis-Non-Euclidean-VR/NEVR_Quest/Content/NEVR/Sound/Paint_Cue.uasset" 356
"../../../../../../Projects/CSE-Thesis-Non-Euclidean-VR/NEVR_Quest/Content/NEVR/Painting/Brush.uasset" 357
"../../../../../../Projects/CSE-Thesis-Non-Euclidean-VR/NEVR_Quest/Content/NEVR/Events/WidgetInvis.uasset" 358
"../../../Engine/Content/EngineMaterials/Widget3DPassThrough_Masked_OneSided.uasset" 359
"../../../../../../Projects/CSE-Thesis-Non-Euclidean-VR/NEVR_Quest/Content/NEVR/Events/EventStages.uasset" 360
"../../../../../../Projects/CSE-Thesis-Non-Euclidean-VR/NEVR_Quest/Content/NEVR/Events/Controller.uasset" 361
"../../../../../../Projects/CSE-Thesis-Non-Euclidean-VR/NEVR_Quest/Content/NEVR/Events/TimerWidget.uasset" 362
"../../../../../../Projects/CSE-Thesis-Non-Euclidean-VR/NEVR_Quest/Content/NEVR/Events/Timer.uasset" 363
"../../../Engine/Content/EngineResources/DefaultTexture_Low.uasset" 364
"../../../../../../Projects/CSE-Thesis-Non-Euclidean-VR/NEVR_Quest/Content/NEVR/Painting/PaintingStruct.uasset" 365
"../../../../../../Projects/CSE-Thesis-Non-Euclidean-VR/NEVR_Quest/Content/NEVR/Meshes/Brush/5_-_Defauasdlt.uasset" 366
"../../../../../../Projects/CSE-Thesis-Non-Euclidean-VR/NEVR_Quest/Content/NEVR/Meshes/Brush/5_-_Default.uasset" 367
"../../../../../../Projects/CSE-Thesis-Non-Euclidean-VR/NEVR_Quest/Content/NEVR/Meshes/Portal_inner_box.uasset" 368
"../../../../../../Projects/CSE-Thesis-Non-Euclidean-VR/NEVR_Quest/Content/StarterContent/Textures/T_Frame_M.uasset" 369
"../../../../../../Projects/CSE-Thesis-Non-Euclidean-VR/NEVR_Quest/Content/StarterContent/Textures/T_Frame_N.uasset" 370
"../../../../../../Projects/CSE-Thesis-Non-Euclidean-VR/NEVR_Quest/Content/StarterContent/Props/Materials/M_Frame.uasset" 371
"../../../../../../Projects/CSE-Thesis-Non-Euclidean-VR/NEVR_Quest/Content/StarterContent/Props/SM_DoorFrame.uasset" 372
"../../../../../../Projects/CSE-Thesis-Non-Euclidean-VR/NEVR_Quest/Content/StarterContent/Materials/M_Basic_Wall.uasset" 373
"../../../../../../Projects/CSE-Thesis-Non-Euclidean-VR/NEVR_Quest/Content/StarterContent/Shapes/Shape_Plane.uasset" 374
"../../../../../../Projects/CSE-Thesis-Non-Euclidean-VR/NEVR_Quest/Content/NEVR/Portals/Portal.uasset" 375
"../../../../../../Projects/CSE-Thesis-Non-Euclidean-VR/NEVR_Quest/Content/MobileStarterContent/Materials/M_Basic_Wall.uasset" 376
"../../../../../../Projects/CSE-Thesis-Non-Euclidean-VR/NEVR_Quest/Content/NEVR/Rooms/Dynamic_Floor.uasset" 377
"../../../../../../Projects/CSE-Thesis-Non-Euclidean-VR/NEVR_Quest/Content/StarterContent/Materials/M_Basic_Floor.uasset" 378
"../../../../../../Projects/CSE-Thesis-Non-Euclidean-VR/NEVR_Quest/Content/NEVR/Rooms/RoomPlane.uasset" 379
"../../../../../../Projects/CSE-Thesis-Non-Euclidean-VR/NEVR_Quest/Content/NEVR/Rooms/BaseRoom.uasset" 380
"../../../../../../Projects/CSE-Thesis-Non-Euclidean-VR/NEVR_Quest/Content/NEVR/Painting/Painting_Tutorial.uasset" 381
"../../../Engine/Content/MapTemplates/Sky/M_BlackBackground.uasset" 382
"../../../../../../Projects/CSE-Thesis-Non-Euclidean-VR/NEVR_Quest/Content/MobileStarterContent/Materials/M_Basic_Floor.uasset" 383
"../../../../../../Projects/CSE-Thesis-Non-Euclidean-VR/NEVR_Quest/Content/NEVR/Rooms/MuseumRoom.uasset" 384
"../../../../../../Projects/CSE-Thesis-Non-Euclidean-VR/NEVR_Quest/Content/MobileStarterContent/Textures/T_TableRound_M.uasset" 385
"../../../../../../Projects/CSE-Thesis-Non-Euclidean-VR/NEVR_Quest/Content/MobileStarterContent/Textures/T_TableRound_N.uasset" 386
"../../../../../../Projects/CSE-Thesis-Non-Euclidean-VR/NEVR_Quest/Content/MobileStarterContent/Props/Materials/M_TableRound.uasset" 387
"../../../../../../Projects/CSE-Thesis-Non-Euclidean-VR/NEVR_Quest/Content/MobileStarterContent/Props/SM_TableRound.uasset" 388
"../../../../../../Projects/CSE-Thesis-Non-Euclidean-VR/NEVR_Quest/Content/NEVR/Events/Survey.uasset" 389
"../../../../../../Projects/CSE-Thesis-Non-Euclidean-VR/NEVR_Quest/Content/NEVR/Painting/textures/01.uasset" 390
"../../../../../../Projects/CSE-Thesis-Non-Euclidean-VR/NEVR_Quest/Content/NEVR/Rooms/TutorialRoom.uasset" 391
"../../../Engine/Content/Functions/Engine_MaterialFunctions02/Utility/BreakOutFloat3Components.uasset" 392
"../../../../../../Projects/CSE-Thesis-Non-Euclidean-VR/NEVR_Quest/Content/MobileStarterContent/Textures/T_Water_N.uasset" 393
"../../../../../../Projects/CSE-Thesis-Non-Euclidean-VR/NEVR_Quest/Content/NEVR/Portals/PortalMaterial.uasset" 394
"../../../../../../Projects/CSE-Thesis-Non-Euclidean-VR/NEVR_Quest/Content/NEVR/Sound/water1.uasset" 395
"../../../../../../Projects/CSE-Thesis-Non-Euclidean-VR/NEVR_Quest/Content/NEVR/Sound/tpCue.uasset" 396
"../../../../../../Projects/CSE-Thesis-Non-Euclidean-VR/NEVR_Quest/Content/NEVR/Portals/PortalManager.uasset" 397
"../../../../../../Projects/CSE-Thesis-Non-Euclidean-VR/NEVR_Quest/Content/VirtualReality/Mannequin/Character/Mesh/MannequinHand_Right_Skeleton.uasset" 398
"../../../../../../Projects/CSE-Thesis-Non-Euclidean-VR/NEVR_Quest/Content/VirtualReality/Mannequin/Animations/MannequinHand_Right_CanGrab.uasset" 399
"../../../../../../Projects/CSE-Thesis-Non-Euclidean-VR/NEVR_Quest/Content/VirtualReality/Mannequin/Animations/MannequinHand_Right_Grab.uasset" 400
"../../../../../../Projects/CSE-Thesis-Non-Euclidean-VR/NEVR_Quest/Content/VirtualReality/Mannequin/Animations/MannequinHand_Right_Open.uasset" 401
"../../../../../../Projects/CSE-Thesis-Non-Euclidean-VR/NEVR_Quest/Content/VirtualReality/Mannequin/Animations/RightGrip_BS.uasset" 402
"../../../../../../Projects/CSE-Thesis-Non-Euclidean-VR/NEVR_Quest/Content/VirtualRealityBP/Blueprints/GripEnum.uasset" 403
"../../../../../../Projects/CSE-Thesis-Non-Euclidean-VR/NEVR_Quest/Content/VirtualReality/Mannequin/Animations/RightHand_AnimBP.uasset" 404
"../../../../../../Projects/CSE-Thesis-Non-Euclidean-VR/NEVR_Quest/Content/VirtualRealityBP/Blueprints/PickupActorInterface.uasset" 405
"../../../../../../Projects/CSE-Thesis-Non-Euclidean-VR/NEVR_Quest/Content/VirtualRealityBP/Blueprints/MotionControllerHaptics.uasset" 406
"../../../Engine/Content/Functions/Engine_MaterialFunctions02/Utility/DepthFromWorldPosition.uasset" 407
"../../../../../../Projects/CSE-Thesis-Non-Euclidean-VR/NEVR_Quest/Content/VirtualReality/Materials/MF_OccludedPixels.uasset" 408
"../../../../../../Projects/CSE-Thesis-Non-Euclidean-VR/NEVR_Quest/Content/VirtualReality/Materials/TeleportMCP.uasset" 409
"../../../Engine/Content/EngineMaterials/Good64x64TilingNoiseHighFreq.uasset" 410
"../../../../../../Projects/CSE-Thesis-Non-Euclidean-VR/NEVR_Quest/Content/VirtualReality/Materials/M_ArcEndpoint.uasset" 411
"../../../../../../Projects/CSE-Thesis-Non-Euclidean-VR/NEVR_Quest/Content/VirtualReality/Materials/M_SplineArcMat.uasset" 412
"../../../../../../Projects/CSE-Thesis-Non-Euclidean-VR/NEVR_Quest/Content/VirtualReality/Materials/M_TeleportPreviews.uasset" 413
"../../../../../../Projects/CSE-Thesis-Non-Euclidean-VR/NEVR_Quest/Content/VirtualReality/Materials/MI_ChaperoneOutline.uasset" 414
"../../../../../../Projects/CSE-Thesis-Non-Euclidean-VR/NEVR_Quest/Content/VirtualReality/Materials/MI_TeleportCylinderPreview.uasset" 415
"../../../Engine/Content/BasicShapes/Cylinder.uasset" 416
"../../../Engine/Content/BasicShapes/Sphere.uasset" 417
"../../../../../../Projects/CSE-Thesis-Non-Euclidean-VR/NEVR_Quest/Content/VirtualReality/Mannequin/Character/Textures/UE4_Mannequin__normals.uasset" 418
"../../../../../../Projects/CSE-Thesis-Non-Euclidean-VR/NEVR_Quest/Content/VirtualReality/Mannequin/Character/Textures/UE4_Mannequin_MAT_MASKA.uasset" 419
"../../../../../../Projects/CSE-Thesis-Non-Euclidean-VR/NEVR_Quest/Content/VirtualReality/Mannequin/Character/Materials/M_HandMat.uasset" 420
"../../../../../../Projects/CSE-Thesis-Non-Euclidean-VR/NEVR_Quest/Content/VirtualReality/Mannequin/Character/Mesh/MannequinHand_Right_PhysicsAsset.uasset" 421
"../../../../../../Projects/CSE-Thesis-Non-Euclidean-VR/NEVR_Quest/Content/VirtualReality/Mannequin/Character/Mesh/MannequinHand_Right.uasset" 422
"../../../../../../Projects/CSE-Thesis-Non-Euclidean-VR/NEVR_Quest/Content/VirtualReality/Meshes/1x1_cube.uasset" 423
"../../../../../../Projects/CSE-Thesis-Non-Euclidean-VR/NEVR_Quest/Content/VirtualReality/Meshes/BeaconDirection.uasset" 424
"../../../../../../Projects/CSE-Thesis-Non-Euclidean-VR/NEVR_Quest/Content/VirtualReality/Meshes/BeamMesh.uasset" 425
"../../../../../../Projects/CSE-Thesis-Non-Euclidean-VR/NEVR_Quest/Content/VirtualReality/Meshes/SM_FatCylinder.uasset" 426
"../../../../../../Projects/CSE-Thesis-Non-Euclidean-VR/NEVR_Quest/Content/VirtualRealityBP/Blueprints/BP_MotionController.uasset" 427
"../../../../../../Projects/CSE-Thesis-Non-Euclidean-VR/NEVR_Quest/Content/VirtualRealityBP/Blueprints/BP_MotionController_Brush.uasset" 428
"../../../../../../Projects/CSE-Thesis-Non-Euclidean-VR/NEVR_Quest/Content/NEVR/Sound/Brandenburg_No4-1_BWV1049.uasset" 429
"../../../../../../Projects/CSE-Thesis-Non-Euclidean-VR/NEVR_Quest/Content/NEVR/Sound/BackgroundMusic.uasset" 430
"../../../../../../Projects/CSE-Thesis-Non-Euclidean-VR/NEVR_Quest/Content/VirtualRealityBP/Blueprints/MotionControllerPawn.uasset" 431
"../../../../../../Projects/CSE-Thesis-Non-Euclidean-VR/NEVR_Quest/Content/NEVR/Painting/CanvasMaterial.uasset" 432
"../../../../../../Projects/CSE-Thesis-Non-Euclidean-VR/NEVR_Quest/Content/NEVR/Painting/FrameMaterial.uasset" 433
"../../../Engine/Content/Functions/Engine_MaterialFunctions01/Density/ExponentialDensity.uasset" 434
"../../../Engine/Content/Functions/Engine_MaterialFunctions01/Gradient/RadialGradientExponential.uasset" 435
"../../../../../../Projects/CSE-Thesis-Non-Euclidean-VR/NEVR_Quest/Content/NEVR/Painting/PaintDecalNew.uasset" 436
"../../../../../../Projects/CSE-Thesis-Non-Euclidean-VR/NEVR_Quest/Content/NEVR/Painting/PaintingMaterial.uasset" 437
"../../../Engine/Content/BasicShapes/Cube.uasset" 438
"../../../Engine/Content/BasicShapes/Plane.uasset" 439
"../../../../../../Projects/CSE-Thesis-Non-Euclidean-VR/NEVR_Quest/Content/NEVR/Painting/textures/02.uasset" 440
"../../../../../../Projects/CSE-Thesis-Non-Euclidean-VR/NEVR_Quest/Content/NEVR/Sound/341695__projectsu012__coins-1.uasset" 441
"../../../../../../Projects/CSE-Thesis-Non-Euclidean-VR/NEVR_Quest/Content/NEVR/Sound/Done_Cue.uasset" 442
"../../../../../../Projects/CSE-Thesis-Non-Euclidean-VR/NEVR_Quest/Content/NEVR/Painting/Painting.uasset" 443
"../../../../../../Projects/CSE-Thesis-Non-Euclidean-VR/NEVR_Quest/Content/NEVR/Painting/textures/03.uasset" 444
"../../../../../../Projects/CSE-Thesis-Non-Euclidean-VR/NEVR_Quest/Content/NEVR/Painting/textures/04.uasset" 445
"../../../../../../Projects/CSE-Thesis-Non-Euclidean-VR/NEVR_Quest/Content/NEVR/Painting/textures/05.uasset" 446
"../../../../../../Projects/CSE-Thesis-Non-Euclidean-VR/NEVR_Quest/Content/NEVR/Painting/textures/06.uasset" 447
"../../../../../../Projects/CSE-Thesis-Non-Euclidean-VR/NEVR_Quest/Content/NEVR/Painting/textures/07.uasset" 448
"../../../../../../Projects/CSE-Thesis-Non-Euclidean-VR/NEVR_Quest/Content/NEVR/Painting/textures/08.uasset" 449
"../../../../../../Projects/CSE-Thesis-Non-Euclidean-VR/NEVR_Quest/Content/NEVR/Painting/textures/09.uasset" 450
"../../../../../../Projects/CSE-Thesis-Non-Euclidean-VR/NEVR_Quest/Content/NEVR/Painting/textures/10.uasset" 451
"../../../../../../Projects/CSE-Thesis-Non-Euclidean-VR/NEVR_Quest/Content/NEVR/Painting/textures/11.uasset" 452
"../../../../../../Projects/CSE-Thesis-Non-Euclidean-VR/NEVR_Quest/Content/NEVR/Painting/textures/12.uasset" 453
"../../../../../../Projects/CSE-Thesis-Non-Euclidean-VR/NEVR_Quest/Content/NEVR/Painting/textures/13.uasset" 454
"../../../../../../Projects/CSE-Thesis-Non-Euclidean-VR/NEVR_Quest/Content/NEVR/Painting/textures/14.uasset" 455
"../../../../../../Projects/CSE-Thesis-Non-Euclidean-VR/NEVR_Quest/Content/NEVR/Painting/textures/15.uasset" 456
"../../../../../../Projects/CSE-Thesis-Non-Euclidean-VR/NEVR_Quest/Content/NEVR/Painting/textures/16.uasset" 457
"../../../../../../Projects/CSE-Thesis-Non-Euclidean-VR/NEVR_Quest/Content/NEVR/Painting/textures/17.uasset" 458
"../../../../../../Projects/CSE-Thesis-Non-Euclidean-VR/NEVR_Quest/Content/NEVR/Painting/textures/18.uasset" 459
"../../../../../../Projects/CSE-Thesis-Non-Euclidean-VR/NEVR_Quest/Content/NEVR/Painting/textures/19.uasset" 460
"../../../../../../Projects/CSE-Thesis-Non-Euclidean-VR/NEVR_Quest/Content/NEVR/Painting/textures/20.uasset" 461
"../../../../../../Projects/CSE-Thesis-Non-Euclidean-VR/NEVR_Quest/Content/NEVR/Painting/textures/21.uasset" 462
"../../../../../../Projects/CSE-Thesis-Non-Euclidean-VR/NEVR_Quest/Content/NEVR/Painting/textures/22.uasset" 463
"../../../../../../Projects/CSE-Thesis-Non-Euclidean-VR/NEVR_Quest/Content/NEVR/Painting/textures/23.uasset" 464
"../../../../../../Projects/CSE-Thesis-Non-Euclidean-VR/NEVR_Quest/Content/NEVR/Painting/textures/24.uasset" 465
"../../../../../../Projects/CSE-Thesis-Non-Euclidean-VR/NEVR_Quest/Content/NEVR/Painting/textures/25.uasset" 466
"../../../../../../Projects/CSE-Thesis-Non-Euclidean-VR/NEVR_Quest/Content/NEVR/Painting/textures/26.uasset" 467
"../../../../../../Projects/CSE-Thesis-Non-Euclidean-VR/NEVR_Quest/Content/NEVR/Painting/textures/27.uasset" 468
"../../../../../../Projects/CSE-Thesis-Non-Euclidean-VR/NEVR_Quest/Content/NEVR/Painting/textures/28.uasset" 469
"../../../../../../Projects/CSE-Thesis-Non-Euclidean-VR/NEVR_Quest/Content/NEVR/Painting/textures/29.uasset" 470
"../../../../../../Projects/CSE-Thesis-Non-Euclidean-VR/NEVR_Quest/Content/NEVR/Painting/textures/30.uasset" 471
"../../../../../../Projects/CSE-Thesis-Non-Euclidean-VR/NEVR_Quest/Content/NEVR/Painting/textures/31.uasset" 472
"../../../../../../Projects/CSE-Thesis-Non-Euclidean-VR/NEVR_Quest/Content/NEVR/Painting/textures/32.uasset" 473
"../../../../../../Projects/CSE-Thesis-Non-Euclidean-VR/NEVR_Quest/Content/NEVR/Painting/textures/33.uasset" 474
"../../../../../../Projects/CSE-Thesis-Non-Euclidean-VR/NEVR_Quest/Content/NEVR/Painting/textures/34.uasset" 475
"../../../../../../Projects/CSE-Thesis-Non-Euclidean-VR/NEVR_Quest/Content/NEVR/Painting/textures/35.uasset" 476
"../../../../../../Projects/CSE-Thesis-Non-Euclidean-VR/NEVR_Quest/Content/NEVR/Painting/textures/36.uasset" 477
"../../../../../../Projects/CSE-Thesis-Non-Euclidean-VR/NEVR_Quest/Content/NEVR/Painting/textures/37.uasset" 478
"../../../../../../Projects/CSE-Thesis-Non-Euclidean-VR/NEVR_Quest/Content/NEVR/Painting/textures/38.uasset" 479
"../../../../../../Projects/CSE-Thesis-Non-Euclidean-VR/NEVR_Quest/Content/NEVR/Painting/textures/39.uasset" 480
"../../../../../../Projects/CSE-Thesis-Non-Euclidean-VR/NEVR_Quest/Content/NEVR/Painting/textures/40.uasset" 481
"../../../../../../Projects/CSE-Thesis-Non-Euclidean-VR/NEVR_Quest/Content/NEVR/Painting/textures/41.uasset" 482
"../../../../../../Projects/CSE-Thesis-Non-Euclidean-VR/NEVR_Quest/Content/NEVR/Painting/textures/42.uasset" 483
"../../../../../../Projects/CSE-Thesis-Non-Euclidean-VR/NEVR_Quest/Content/NEVR/Painting/textures/43.uasset" 484
"../../../../../../Projects/CSE-Thesis-Non-Euclidean-VR/NEVR_Quest/Content/NEVR/Painting/textures/44.uasset" 485
"../../../../../../Projects/CSE-Thesis-Non-Euclidean-VR/NEVR_Quest/Content/NEVR/Painting/textures/45.uasset" 486
"../../../../../../Projects/CSE-Thesis-Non-Euclidean-VR/NEVR_Quest/Content/NEVR/Painting/textures/46.uasset" 487
"../../../../../../Projects/CSE-Thesis-Non-Euclidean-VR/NEVR_Quest/Content/NEVR/Painting/textures/47.uasset" 488
"../../../../../../Projects/CSE-Thesis-Non-Euclidean-VR/NEVR_Quest/Content/NEVR/Painting/textures/48.uasset" 489
"../../../../../../Projects/CSE-Thesis-Non-Euclidean-VR/NEVR_Quest/Content/NEVR/Rooms/RoomManager.uasset" 490
"../../../../../../Projects/CSE-Thesis-Non-Euclidean-VR/NEVR_Quest/Content/NEVR/Events/MyTextLogger.uasset" 491
"../../../../../../Projects/CSE-Thesis-Non-Euclidean-VR/NEVR_Quest/Content/NEVR/Painting/Brush_Dormant.uasset" 492
"../../../Engine/Content/EngineSky/C_Sky_Cloud_Color.uasset" 493
"../../../Engine/Content/EngineSky/C_Sky_Horizon_Color.uasset" 494
"../../../Engine/Content/EngineSky/C_Sky_Zenith_Color.uasset" 495
"../../../Engine/Content/EngineSky/T_Sky_Blue.uasset" 496
"../../../Engine/Content/EngineSky/T_Sky_Clouds_M.uasset" 497
"../../../Engine/Content/EngineSky/T_Sky_Stars.uasset" 498
"../../../Engine/Content/EngineSky/M_Sky_Panning_Clouds2.uasset" 499
"../../../Engine/Content/EngineSky/SM_SkySphere.uasset" 500
"../../../Engine/Content/EngineSky/BP_Sky_Sphere.uasset" 501
"../../../../../../Projects/CSE-Thesis-Non-Euclidean-VR/NEVR_Quest/Content/Levels/NewMap_BuiltData.uasset" 502
"../../../Engine/Content/MapTemplates/daylight.uasset" 503
"../../../../../../Projects/CSE-Thesis-Non-Euclidean-VR/NEVR_Quest/Content/Levels/NewMap.umap" 504
